This is pdfTeX, Version 3.14159265-2.6-1.40.16 (TeX Live 2015/Debian) (preloaded format=pdflatex 2017.5.5)  12 JUL 2017 00:39
entering extended mode
 restricted \write18 enabled.
 file:line:error style messages enabled.
 %&-line parsing enabled.
**main.tex
(/home/aaronb/Projectbrary/CosmicDust/Source/main.tex
LaTeX2e <2016/02/01>
Babel <3.9q> and hyphenation patterns for 3 language(s) loaded.
(/home/aaronb/Projectbrary/CosmicDust/Source/aastex.cls
Document Class: aastex 2005/06/22 5.2/AAS markup document class
Class aastex Info: Original \LaTeX2.09 style by Chris Biemesderfer (chris@seagoat.com). Adapted to \LaTeXe by A. Ogawa (ogawa@teleport.com) on input line 83.
(/usr/share/texlive/texmf-dist/tex/latex/base/article.cls
Document Class: article 2014/09/29 v1.4h Standard LaTeX document class
(/usr/share/texlive/texmf-dist/tex/latex/base/size10.clo
File: size10.clo 2014/09/29 v1.4h Standard LaTeX file (size option)
)
\c@part=\count79
\c@section=\count80
\c@subsection=\count81
\c@subsubsection=\count82
\c@paragraph=\count83
\c@subparagraph=\count84
\c@figure=\count85
\c@table=\count86
\abovecaptionskip=\skip41
\belowcaptionskip=\skip42
\bibindent=\dimen102
) (/usr/share/texlive/texmf-dist/tex/latex/base/latexsym.sty
Package: latexsym 1998/08/17 v2.2e Standard LaTeX package (lasy symbols)
\symlasy=\mathgroup4
LaTeX Font Info:    Overwriting symbol font `lasy' in version `bold'
(Font)                  U/lasy/m/n --> U/lasy/b/n on input line 52.
) (/usr/share/texlive/texmf-dist/tex/latex/graphics/graphicx.sty
Package: graphicx 2014/10/28 v1.0g Enhanced LaTeX Graphics (DPC,SPQR)
 (/usr/share/texlive/texmf-dist/tex/latex/graphics/keyval.sty
Package: keyval 2014/10/28 v1.15 key=value parser (DPC)
\KV@toks@=\toks14
) (/usr/share/texlive/texmf-dist/tex/latex/graphics/graphics.sty
Package: graphics 2016/01/03 v1.0q Standard LaTeX Graphics (DPC,SPQR)
 (/usr/share/texlive/texmf-dist/tex/latex/graphics/trig.sty
Package: trig 2016/01/03 v1.10 sin cos tan (DPC)
) (/usr/share/texlive/texmf-dist/tex/latex/latexconfig/graphics.cfg
File: graphics.cfg 2010/04/23 v1.9 graphics configuration of TeX Live
)
Package graphics Info: Driver file: pdftex.def on input line 95.
 (/usr/share/texlive/texmf-dist/tex/latex/pdftex-def/pdftex.def
File: pdftex.def 2011/05/27 v0.06d Graphics/color for pdfTeX
 (/usr/share/texlive/texmf-dist/tex/generic/oberdiek/infwarerr.sty
Package: infwarerr 2010/04/08 v1.3 Providing info/warning/error messages (HO)
) (/usr/share/texlive/texmf-dist/tex/generic/oberdiek/ltxcmds.sty
Package: ltxcmds 2011/11/09 v1.22 LaTeX kernel commands for general use (HO)
)
\Gread@gobject=\count87
))
\Gin@req@height=\dimen103
\Gin@req@width=\dimen104
) (/usr/share/texlive/texmf-dist/tex/latex/amsfonts/amssymb.sty
Package: amssymb 2013/01/14 v3.01 AMS font symbols
 (/usr/share/texlive/texmf-dist/tex/latex/amsfonts/amsfonts.sty
Package: amsfonts 2013/01/14 v3.01 Basic AMSFonts support
\@emptytoks=\toks15
\symAMSa=\mathgroup5
\symAMSb=\mathgroup6
LaTeX Font Info:    Overwriting math alphabet `\mathfrak' in version `bold'
(Font)                  U/euf/m/n --> U/euf/b/n on input line 106.
)) (/home/aaronb/Projectbrary/CosmicDust/Source/natbib.sty
Package: natbib 2003/06/06 7.1 (PWD)
\bibhang=\skip43
\bibsep=\skip44
LaTeX Info: Redefining \cite on input line 518.
\c@NAT@ctr=\count88
) (/usr/share/texlive/texmf-dist/tex/latex/tools/verbatim.sty
Package: verbatim 2014/10/28 v1.5q LaTeX2e package for verbatim enhancements
\every@verbatim=\toks16
\verbatim@line=\toks17
\verbatim@in@stream=\read1
)
\@slugcmmntwidth=\dimen105
\abstract@box=\box26
\c@editornote=\count89
\c@cureqno=\count90
\tnotemarkskip=\skip45
\@abovenoteskip=\dimen106
\pt@box=\box27
\pt@width=\dimen107
\pt@line=\count91
\pt@column=\count92
\pt@nlines=\count93
\pt@ncol=\count94
\pt@page=\count95
\tabbaseskip=\dimen108
\pt@tmpcapwidth=\dimen109
\spew@tblnotesbox=\box28
\restof@tblnotesbox=\box29
\noteheight=\dimen110
\pt@tabnoteminht=\dimen111
\firsttabskip=\dimen112
\captionbox=\box30
\pt@reduceline=\dimen113
\extra@vspace=\dimen114
\c@plate=\count96
\my@footins=\box31
\juo@sar=\toks18
\stripsep=\skip46
\m@addvipersep=\skip47
\c@addvipersep=\skip48
\ht@strip=\dimen115
\right@cor=\dimen116
\cor@height=\dimen117
\juo@pr=\dimen118
\juo@ht=\dimen119
\@viper=\box32
\juo@sk=\count97
\c@colht=\dimen120
\my@outputbox=\box33
) (/home/aaronb/Projectbrary/CosmicDust/Source/main.aux)
\openout1 = `main.aux'.

LaTeX Font Info:    Checking defaults for OML/cmm/m/it on input line 62.
LaTeX Font Info:    ... okay on input line 62.
LaTeX Font Info:    Checking defaults for T1/cmr/m/n on input line 62.
LaTeX Font Info:    ... okay on input line 62.
LaTeX Font Info:    Checking defaults for OT1/cmr/m/n on input line 62.
LaTeX Font Info:    ... okay on input line 62.
LaTeX Font Info:    Checking defaults for OMS/cmsy/m/n on input line 62.
LaTeX Font Info:    ... okay on input line 62.
LaTeX Font Info:    Checking defaults for OMX/cmex/m/n on input line 62.
LaTeX Font Info:    ... okay on input line 62.
LaTeX Font Info:    Checking defaults for U/cmr/m/n on input line 62.
LaTeX Font Info:    ... okay on input line 62.
 (/usr/share/texlive/texmf-dist/tex/context/base/supp-pdf.mkii
[Loading MPS to PDF converter (version 2006.09.02).]
\scratchcounter=\count98
\scratchdimen=\dimen121
\scratchbox=\box34
\nofMPsegments=\count99
\nofMParguments=\count100
\everyMPshowfont=\toks19
\MPscratchCnt=\count101
\MPscratchDim=\dimen122
\MPnumerator=\count102
\makeMPintoPDFobject=\count103
\everyMPtoPDFconversion=\toks20
) (/usr/share/texlive/texmf-dist/tex/generic/oberdiek/pdftexcmds.sty
Package: pdftexcmds 2011/11/29 v0.20 Utility functions of pdfTeX for LuaTeX (HO)
 (/usr/share/texlive/texmf-dist/tex/generic/oberdiek/ifluatex.sty
Package: ifluatex 2010/03/01 v1.3 Provides the ifluatex switch (HO)
Package ifluatex Info: LuaTeX not detected.
) (/usr/share/texlive/texmf-dist/tex/generic/oberdiek/ifpdf.sty
Package: ifpdf 2011/01/30 v2.3 Provides the ifpdf switch (HO)
Package ifpdf Info: pdfTeX in PDF mode is detected.
)
Package pdftexcmds Info: LuaTeX not detected.
Package pdftexcmds Info: \pdf@primitive is available.
Package pdftexcmds Info: \pdf@ifprimitive is available.
Package pdftexcmds Info: \pdfdraftmode found.
) (/usr/share/texlive/texmf-dist/tex/latex/oberdiek/epstopdf-base.sty
Package: epstopdf-base 2010/02/09 v2.5 Base part for package epstopdf
 (/usr/share/texlive/texmf-dist/tex/latex/oberdiek/grfext.sty
Package: grfext 2010/08/19 v1.1 Manage graphics extensions (HO)
 (/usr/share/texlive/texmf-dist/tex/generic/oberdiek/kvdefinekeys.sty
Package: kvdefinekeys 2011/04/07 v1.3 Define keys (HO)
)) (/usr/share/texlive/texmf-dist/tex/latex/oberdiek/kvoptions.sty
Package: kvoptions 2011/06/30 v3.11 Key value format for package options (HO)
 (/usr/share/texlive/texmf-dist/tex/generic/oberdiek/kvsetkeys.sty
Package: kvsetkeys 2012/04/25 v1.16 Key value parser (HO)
 (/usr/share/texlive/texmf-dist/tex/generic/oberdiek/etexcmds.sty
Package: etexcmds 2011/02/16 v1.5 Avoid name clashes with e-TeX commands (HO)
Package etexcmds Info: Could not find \expanded.
(etexcmds)             That can mean that you are not using pdfTeX 1.50 or
(etexcmds)             that some package has redefined \expanded.
(etexcmds)             In the latter case, load this package earlier.
)))
Package grfext Info: Graphics extension search list:
(grfext)             [.png,.pdf,.jpg,.mps,.jpeg,.jbig2,.jb2,.PNG,.PDF,.JPG,.JPEG,.JBIG2,.JB2,.eps]
(grfext)             \AppendGraphicsExtensions on input line 452.
 (/usr/share/texlive/texmf-dist/tex/latex/latexconfig/epstopdf-sys.cfg
File: epstopdf-sys.cfg 2010/07/13 v1.3 Configuration of (r)epstopdf for TeX Live
))
AAS 2-column preprint substyle, v5.2 <12 Dec 2003>.
LaTeX Font Info:    Try loading font information for U+lasy on input line 89.
(/usr/share/texlive/texmf-dist/tex/latex/base/ulasy.fd
File: ulasy.fd 1998/08/17 v2.2e LaTeX symbol font definitions
)
LaTeX Font Info:    Try loading font information for U+msa on input line 89.
 (/usr/share/texlive/texmf-dist/tex/latex/amsfonts/umsa.fd
File: umsa.fd 2013/01/14 v3.01 AMS symbols A
)
LaTeX Font Info:    Try loading font information for U+msb on input line 89.
 (/usr/share/texlive/texmf-dist/tex/latex/amsfonts/umsb.fd
File: umsb.fd 2013/01/14 v3.01 AMS symbols B
)
Overfull \hbox (10.1071pt too wide) in paragraph at lines 100--101
\OT1/cmr/m/n/10 veys , the anoma-lous mi-crowave emis-sion/foreground
 []


Underfull \hbox (badness 10000) in paragraph at lines 102--106

 []


Underfull \vbox (badness 10000) has occurred while \output is active []


Underfull \vbox (badness 10000) has occurred while \output is active []

 [1


{/var/lib/texmf/fonts/map/pdftex/updmap/pdftex.map}]

Package natbib Warning: Citation `ali-haimoud13' on page 2 undefined on input line 117.

[2]
Underfull \hbox (badness 1394) in paragraph at lines 123--124
\OT1/cmr/m/n/10 the AME-prominent Perseus Molec-u-lar Cloud
 []


LaTeX Warning: Reference `fig:inband_ionfrac_bar' on page 3 undefined on input line 127.


LaTeX Warning: Reference `fig:inband_ionfrac_bar' on page 3 undefined on input line 141.

[3] <../Plots/RelSpectralResponse_MIR.png, id=23, 379.4175pt x 266.9975pt>
File: ../Plots/RelSpectralResponse_MIR.png Graphic file (type png)
 <use ../Plots/RelSpectralResponse_MIR.png>
Package pdftex.def Info: ../Plots/RelSpectralResponse_MIR.png used on input line 146.
(pdftex.def)             Requested size: 426.79134pt x 300.33884pt.


LaTeX Warning: Reference `fig:inband_ionfrac_bar' on page 4 undefined on input line 147.

<../Plots/band-ratio-multiple.pdf, id=25, 433.62pt x 289.08pt>
File: ../Plots/band-ratio-multiple.pdf Graphic file (type pdf)
 <use ../Plots/band-ratio-multiple.pdf>
Package pdftex.def Info: ../Plots/band-ratio-multiple.pdf used on input line 154.
(pdftex.def)             Requested size: 426.79134pt x 284.54036pt.
LaTeX Font Info:    Try loading font information for OML+cmr on input line 168.
 (/usr/share/texlive/texmf-dist/tex/latex/base/omlcmr.fd
File: omlcmr.fd 2014/09/29 v2.5h Standard LaTeX font definitions
)
LaTeX Font Info:    Font shape `OML/cmr/m/n' in size <10> not available
(Font)              Font shape `OML/cmm/m/it' tried instead on input line 168.

Underfull \hbox (badness 1389) in paragraph at lines 196--197
[]\OT1/cmr/m/n/10 We uti-lize the COMMANDER-Ruler AME
 []

[4] [5 <../Plots/RelSpectralResponse_MIR.png>] [6 <../Plots/band-ratio-multiple.pdf>] <../Plots/all_bands_corr_matrix_wAME_spearman.pdf, id=72, 1043.38562pt x 353.40154pt>
File: ../Plots/all_bands_corr_matrix_wAME_spearman.pdf Graphic file (type pdf)
 <use ../Plots/all_bands_corr_matrix_wAME_spearman.pdf>
Package pdftex.def Info: ../Plots/all_bands_corr_matrix_wAME_spearman.pdf used on input line 221.
(pdftex.def)             Requested size: 526.37598pt x 178.2857pt.

Overfull \hbox (56.62099pt too wide) in paragraph at lines 221--223
 [][] 
 []

<../Plots/AMEvsDust_allsky_allbands.pdf, id=73, 405.21388pt x 250.96693pt>
File: ../Plots/AMEvsDust_allsky_allbands.pdf Graphic file (type pdf)
 <use ../Plots/AMEvsDust_allsky_allbands.pdf>
Package pdftex.def Info: ../Plots/AMEvsDust_allsky_allbands.pdf used on input line 230.
(pdftex.def)             Requested size: 426.79134pt x 264.34639pt.
 <../Plots/AMEtoRvsDusttoR_allsky_allbands.pdf, id=74, 412.25581pt x 260.4878pt>
File: ../Plots/AMEtoRvsDusttoR_allsky_allbands.pdf Graphic file (type pdf)
 <use ../Plots/AMEtoRvsDusttoR_allsky_allbands.pdf>
Package pdftex.def Info: ../Plots/AMEtoRvsDusttoR_allsky_allbands.pdf used on input line 237.
(pdftex.def)             Requested size: 426.79134pt x 269.67271pt.
 <../Plots/PlanckModBBvsAMEandA9.pdf, id=75, 370.00046pt x 349.4336pt>
File: ../Plots/PlanckModBBvsAMEandA9.pdf Graphic file (type pdf)
 <use ../Plots/PlanckModBBvsAMEandA9.pdf>
Package pdftex.def Info: ../Plots/PlanckModBBvsAMEandA9.pdf used on input line 245.
(pdftex.def)             Requested size: 241.84842pt x 228.41412pt.
 <../Plots/PlanckModBBvsAMEandA9_byGLAT.pdf, id=76, 401.44983pt x 274.1925pt>
File: ../Plots/PlanckModBBvsAMEandA9_byGLAT.pdf Graphic file (type pdf)
 <use ../Plots/PlanckModBBvsAMEandA9_byGLAT.pdf>
Package pdftex.def Info: ../Plots/PlanckModBBvsAMEandA9_byGLAT.pdf used on input line 252.
(pdftex.def)             Requested size: 227.62204pt x 155.4713pt.
 <../Plots/PlanckModBBvsAMEandA9_GLAT_hist.pdf, id=77, 368.70248pt x 273.18875pt>
File: ../Plots/PlanckModBBvsAMEandA9_GLAT_hist.pdf Graphic file (type pdf)
 <use ../Plots/PlanckModBBvsAMEandA9_GLAT_hist.pdf>
Package pdftex.def Info: ../Plots/PlanckModBBvsAMEandA9_GLAT_hist.pdf used on input line 253.
(pdftex.def)             Requested size: 227.62204pt x 168.65828pt.
 <../Plots/PlanckModBBvsAMEandA9_byGLON.pdf, id=78, 407.03319pt x 274.1925pt>
File: ../Plots/PlanckModBBvsAMEandA9_byGLON.pdf Graphic file (type pdf)
 <use ../Plots/PlanckModBBvsAMEandA9_byGLON.pdf>
Package pdftex.def Info: ../Plots/PlanckModBBvsAMEandA9_byGLON.pdf used on input line 254.
(pdftex.def)             Requested size: 227.62204pt x 153.33336pt.
 <../Plots/PlanckModBBvsAMEandA9_GLON_hist.pdf, id=79, 374.28584pt x 273.18875pt>
File: ../Plots/PlanckModBBvsAMEandA9_GLON_hist.pdf Graphic file (type pdf)
 <use ../Plots/PlanckModBBvsAMEandA9_GLON_hist.pdf>
Package pdftex.def Info: ../Plots/PlanckModBBvsAMEandA9_GLON_hist.pdf used on input line 255.
(pdftex.def)             Requested size: 227.62204pt x 166.14049pt.
 <../Plots/IntensityByGLON_median.pdf, id=80, 377.07751pt x 277.74983pt>
File: ../Plots/IntensityByGLON_median.pdf Graphic file (type pdf)
 <use ../Plots/IntensityByGLON_median.pdf>
Package pdftex.def Info: ../Plots/IntensityByGLON_median.pdf used on input line 263.
(pdftex.def)             Requested size: 227.62204pt x 167.66832pt.

<../Plots/IntensityByGLAT_median.pdf, id=81, 379.8692pt x 277.89098pt>
File: ../Plots/IntensityByGLAT_median.pdf Graphic file (type pdf)
 <use ../Plots/IntensityByGLAT_median.pdf>
Package pdftex.def Info: ../Plots/IntensityByGLAT_median.pdf used on input line 264.
(pdftex.def)             Requested size: 227.62204pt x 166.51537pt.
 <../Plots/IntensitybyGLON_mean.pdf, id=82, 374.28584pt x 277.74983pt>
File: ../Plots/IntensitybyGLON_mean.pdf Graphic file (type pdf)
 <use ../Plots/IntensitybyGLON_mean.pdf>
Package pdftex.def Info: ../Plots/IntensitybyGLON_mean.pdf used on input line 265.
(pdftex.def)             Requested size: 227.62204pt x 168.91432pt.
 <../Plots/IntensityByGLAT_mean.pdf, id=83, 379.8692pt x 277.89098pt>
File: ../Plots/IntensityByGLAT_mean.pdf Graphic file (type pdf)
 <use ../Plots/IntensityByGLAT_mean.pdf>
Package pdftex.def Info: ../Plots/IntensityByGLAT_mean.pdf used on input line 266.
(pdftex.def)             Requested size: 227.62204pt x 166.51537pt.
 <../Plots/CommanderByGLON_median.pdf, id=84, 374.28584pt x 277.74983pt>
File: ../Plots/CommanderByGLON_median.pdf Graphic file (type pdf)
 <use ../Plots/CommanderByGLON_median.pdf>
Package pdftex.def Info: ../Plots/CommanderByGLON_median.pdf used on input line 275.
(pdftex.def)             Requested size: 227.62204pt x 168.91432pt.
 <../Plots/CommanderByGLAT_median.pdf, id=85, 379.8692pt x 277.89098pt>
File: ../Plots/CommanderByGLAT_median.pdf Graphic file (type pdf)
 <use ../Plots/CommanderByGLAT_median.pdf>
Package pdftex.def Info: ../Plots/CommanderByGLAT_median.pdf used on input line 276.
(pdftex.def)             Requested size: 227.62204pt x 166.51537pt.
 <../Plots/CommanderByGLON_mean.pdf, id=86, 374.28584pt x 277.74983pt>
File: ../Plots/CommanderByGLON_mean.pdf Graphic file (type pdf)
 <use ../Plots/CommanderByGLON_mean.pdf>
Package pdftex.def Info: ../Plots/CommanderByGLON_mean.pdf used on input line 277.
(pdftex.def)             Requested size: 227.62204pt x 168.91432pt.
 <../Plots/CommanderByGLAT_mean.pdf, id=87, 379.8692pt x 277.89098pt>
File: ../Plots/CommanderByGLAT_mean.pdf Graphic file (type pdf)
 <use ../Plots/CommanderByGLAT_mean.pdf>
Package pdftex.def Info: ../Plots/CommanderByGLAT_mean.pdf used on input line 278.
(pdftex.def)             Requested size: 227.62204pt x 166.51537pt.

Overfull \hbox (3.95538pt too wide) in paragraph at lines 286--286
[]\OT1/cmr/bx/n/10 Analysis of Planck Col-lab-o-ra-tion AME
 []


LaTeX Warning: Reference `fig:AME_PCXVvsPR2' on page 7 undefined on input line 294.

[7] [8 <../Plots/all_bands_corr_matrix_wAME_spearman.pdf> <../Plots/AMEvsDust_allsky_allbands.pdf

pdfTeX warning: pdflatex (file ../Plots/AMEvsDust_allsky_allbands.pdf): PDF inclusion: multiple pdfs with page group included in a single page
>] [9 <../Plots/AMEtoRvsDusttoR_allsky_allbands.pdf>] [10 <../Plots/PlanckModBBvsAMEandA9.pdf>] [11 <../Plots/PlanckModBBvsAMEandA9_byGLAT.pdf> <../Plots/PlanckModBBvsAMEandA9_GLAT_hist.pdf

pdfTeX warning: pdflatex (file ../Plots/PlanckModBBvsAMEandA9_GLAT_hist.pdf): PDF inclusion: multiple pdfs with page group included in a single page
> <../Plots/PlanckModBBvsAMEandA9_byGLON.pdf

pdfTeX warning: pdflatex (file ../Plots/PlanckModBBvsAMEandA9_byGLON.pdf): PDF inclusion: multiple pdfs with page group included in a single page
> <../Plots/PlanckModBBvsAMEandA9_GLON_hist.pdf

pdfTeX warning: pdflatex (file ../Plots/PlanckModBBvsAMEandA9_GLON_hist.pdf): PDF inclusion: multiple pdfs with page group included in a single page
>] [12 <../Plots/IntensityByGLON_median.pdf> <../Plots/IntensityByGLAT_median.pdf

pdfTeX warning: pdflatex (file ../Plots/IntensityByGLAT_median.pdf): PDF inclusion: multiple pdfs with page group included in a single page
> <../Plots/IntensitybyGLON_mean.pdf

pdfTeX warning: pdflatex (file ../Plots/IntensitybyGLON_mean.pdf): PDF inclusion: multiple pdfs with page group included in a single page
> <../Plots/IntensityByGLAT_mean.pdf

pdfTeX warning: pdflatex (file ../Plots/IntensityByGLAT_mean.pdf): PDF inclusion: multiple pdfs with page group included in a single page
>] [13 <../Plots/CommanderByGLON_median.pdf> <../Plots/CommanderByGLAT_median.pdf

pdfTeX warning: pdflatex (file ../Plots/CommanderByGLAT_median.pdf): PDF inclusion: multiple pdfs with page group included in a single page
> <../Plots/CommanderByGLON_mean.pdf

pdfTeX warning: pdflatex (file ../Plots/CommanderByGLON_mean.pdf): PDF inclusion: multiple pdfs with page group included in a single page
> <../Plots/CommanderByGLAT_mean.pdf

pdfTeX warning: pdflatex (file ../Plots/CommanderByGLAT_mean.pdf): PDF inclusion: multiple pdfs with page group included in a single page
>]

LaTeX Warning: Reference `fig:AME_PCXVvsPR2' on page 14 undefined on input line 303.

<../Plots/template_deltaU_G11_AC.pdf, id=800, 505.89pt x 505.89pt>
File: ../Plots/template_deltaU_G11_AC.pdf Graphic file (type pdf)
 <use ../Plots/template_deltaU_G11_AC.pdf>
Package pdftex.def Info: ../Plots/template_deltaU_G11_AC.pdf used on input line 306.
(pdftex.def)             Requested size: 227.62204pt x 227.62523pt.
 <../Plots/template_powerU_alpha_G11_AC.pdf, id=801, 505.89pt x 505.89pt>
File: ../Plots/template_powerU_alpha_G11_AC.pdf Graphic file (type pdf)
 <use ../Plots/template_powerU_alpha_G11_AC.pdf>
Package pdftex.def Info: ../Plots/template_powerU_alpha_G11_AC.pdf used on input line 307.
(pdftex.def)             Requested size: 227.62204pt x 227.62523pt.
 <../Plots/template_powerU_DU_G11_AC.pdf, id=802, 505.89pt x 505.89pt>
File: ../Plots/template_powerU_DU_G11_AC.pdf Graphic file (type pdf)
 <use ../Plots/template_powerU_DU_G11_AC.pdf>
Package pdftex.def Info: ../Plots/template_powerU_DU_G11_AC.pdf used on input line 308.
(pdftex.def)             Requested size: 227.62204pt x 227.62523pt.
 <../Plots/template_powerU_Um_G11_AC.pdf, id=803, 505.89pt x 505.89pt>
File: ../Plots/template_powerU_Um_G11_AC.pdf Graphic file (type pdf)
 <use ../Plots/template_powerU_Um_G11_AC.pdf>
Package pdftex.def Info: ../Plots/template_powerU_Um_G11_AC.pdf used on input line 309.
(pdftex.def)             Requested size: 227.62204pt x 227.62523pt.

Underfull \hbox (badness 2020) in paragraph at lines 303--314
\OT1/cmr/m/n/10 u-la-tion tem-plate (PE-GASE; (Fioc & Rocca-
 []

<../Plots/RegsAMEvsDustMass.pdf, id=804, 433.62pt x 289.08pt>
File: ../Plots/RegsAMEvsDustMass.pdf Graphic file (type pdf)
 <use ../Plots/RegsAMEvsDustMass.pdf>
Package pdftex.def Info: ../Plots/RegsAMEvsDustMass.pdf used on input line 321.
(pdftex.def)             Requested size: 227.62204pt x 151.74721pt.
 <../Plots/RegsAMEvsPAHMass.pdf, id=805, 433.62pt x 289.08pt>
File: ../Plots/RegsAMEvsPAHMass.pdf Graphic file (type pdf)
 <use ../Plots/RegsAMEvsPAHMass.pdf>
Package pdftex.def Info: ../Plots/RegsAMEvsPAHMass.pdf used on input line 322.
(pdftex.def)             Requested size: 227.62204pt x 151.74721pt.
 <../Plots/RegsAMEvsqPAH.pdf, id=806, 433.62pt x 289.08pt>
File: ../Plots/RegsAMEvsqPAH.pdf Graphic file (type pdf)
 <use ../Plots/RegsAMEvsqPAH.pdf>
Package pdftex.def Info: ../Plots/RegsAMEvsqPAH.pdf used on input line 323.
(pdftex.def)             Requested size: 227.62204pt x 151.74721pt.
 <../Plots/RegsUvsqPAH.pdf, id=807, 433.62pt x 289.08pt>
File: ../Plots/RegsUvsqPAH.pdf Graphic file (type pdf)
 <use ../Plots/RegsUvsqPAH.pdf>
Package pdftex.def Info: ../Plots/RegsUvsqPAH.pdf used on input line 324.
(pdftex.def)             Requested size: 227.62204pt x 151.74721pt.
 <../Plots/histo_chi2red.pdf, id=808, 505.89pt x 505.89pt>
File: ../Plots/histo_chi2red.pdf Graphic file (type pdf)
 <use ../Plots/histo_chi2red.pdf>
Package pdftex.def Info: ../Plots/histo_chi2red.pdf used on input line 339.
(pdftex.def)             Requested size: 213.39566pt x 213.39865pt.
 <../Plots/RegsAME_Bootstrap_MDustandMPAH.pdf, id=809, 433.62pt x 433.62pt>
File: ../Plots/RegsAME_Bootstrap_MDustandMPAH.pdf Graphic file (type pdf)
 <use ../Plots/RegsAME_Bootstrap_MDustandMPAH.pdf>
Package pdftex.def Info: ../Plots/RegsAME_Bootstrap_MDustandMPAH.pdf used on input line 347.
(pdftex.def)             Requested size: 227.62204pt x 227.62082pt.
 <../Plots/RegsAME_Bootstrap_LDustandLPAH.pdf, id=810, 433.62pt x 433.62pt>
File: ../Plots/RegsAME_Bootstrap_LDustandLPAH.pdf Graphic file (type pdf)
 <use ../Plots/RegsAME_Bootstrap_LDustandLPAH.pdf>
Package pdftex.def Info: ../Plots/RegsAME_Bootstrap_LDustandLPAH.pdf used on input line 348.
(pdftex.def)             Requested size: 227.62204pt x 227.62082pt.
 <../Plots/lOrionis_AKARI9.png, id=811, 614.295pt x 567.11874pt>
File: ../Plots/lOrionis_AKARI9.png Graphic file (type png)
 <use ../Plots/lOrionis_AKARI9.png>
Package pdftex.def Info: ../Plots/lOrionis_AKARI9.png used on input line 363.
(pdftex.def)             Requested size: 426.79134pt x 394.0209pt.
 <../Plots/lOrionis_grid_img.png, id=812, 1375.1375pt x 1013.7875pt>
File: ../Plots/lOrionis_grid_img.png Graphic file (type png)
 <use ../Plots/lOrionis_grid_img.png>
Package pdftex.def Info: ../Plots/lOrionis_grid_img.png used on input line 370.
(pdftex.def)             Requested size: 483.69684pt x 356.59442pt.

Overfull \hbox (13.94185pt too wide) in paragraph at lines 370--372
 [][] 
 []

<../Plots/orionis_correlations_AME.png, id=813, 1409.265pt x 1078.0275pt>
File: ../Plots/orionis_correlations_AME.png Graphic file (type png)
 <use ../Plots/orionis_correlations_AME.png>
Package pdftex.def Info: ../Plots/orionis_correlations_AME.png used on input line 377.
(pdftex.def)             Requested size: 483.69684pt x 369.99532pt.

Overfull \hbox (13.94185pt too wide) in paragraph at lines 377--379
 [][] 
 []

[14] [15 <../Plots/template_deltaU_G11_AC.pdf> <../Plots/template_powerU_alpha_G11_AC.pdf> <../Plots/template_powerU_DU_G11_AC.pdf> <../Plots/template_powerU_Um_G11_AC.pdf>] [16 <../Plots/RegsAMEvsDustMass.pdf> <../Plots/RegsAMEvsPAHMass.pdf

pdfTeX warning: pdflatex (file ../Plots/RegsAMEvsPAHMass.pdf): PDF inclusion: multiple pdfs with page group included in a single page
> <../Plots/RegsAMEvsqPAH.pdf

pdfTeX warning: pdflatex (file ../Plots/RegsAMEvsqPAH.pdf): PDF inclusion: multiple pdfs with page group included in a single page
> <../Plots/RegsUvsqPAH.pdf

pdfTeX warning: pdflatex (file ../Plots/RegsUvsqPAH.pdf): PDF inclusion: multiple pdfs with page group included in a single page
>] [17 <../Plots/histo_chi2red.pdf> <../Plots/RegsAME_Bootstrap_MDustandMPAH.pdf> <../Plots/RegsAME_Bootstrap_LDustandLPAH.pdf

pdfTeX warning: pdflatex (file ../Plots/RegsAME_Bootstrap_LDustandLPAH.pdf): PDF inclusion: multiple pdfs with page group included in a single page
>] [18 <../Plots/lOrionis_AKARI9.png>] [19 <../Plots/lOrionis_grid_img.png>] [20 <../Plots/orionis_correlations_AME.png>] [21]
Underfull \hbox (badness 7685) in paragraph at lines 411--411
[]\OT1/cmr/bx/n/10 Microwave fore-ground com-po-nent
 []

[22] <../SEDs/sed_01.pdf, id=1153, 505.89pt x 505.89pt>
File: ../SEDs/sed_01.pdf Graphic file (type pdf)
 <use ../SEDs/sed_01.pdf>
Package pdftex.def Info: ../SEDs/sed_01.pdf used on input line 432.
(pdftex.def)             Requested size: 113.81102pt x 112.52475pt.
 <../SEDs/sed_02.pdf, id=1155, 505.89pt x 505.89pt>
File: ../SEDs/sed_02.pdf Graphic file (type pdf)
 <use ../SEDs/sed_02.pdf>
Package pdftex.def Info: ../SEDs/sed_02.pdf used on input line 433.
(pdftex.def)             Requested size: 113.81102pt x 112.52475pt.
 <../SEDs/sed_03.pdf, id=1157, 505.89pt x 505.89pt>
File: ../SEDs/sed_03.pdf Graphic file (type pdf)
 <use ../SEDs/sed_03.pdf>
Package pdftex.def Info: ../SEDs/sed_03.pdf used on input line 434.
(pdftex.def)             Requested size: 113.81102pt x 112.52475pt.
 <../SEDs/sed_04.pdf, id=1159, 505.89pt x 505.89pt>
File: ../SEDs/sed_04.pdf Graphic file (type pdf)
 <use ../SEDs/sed_04.pdf>
Package pdftex.def Info: ../SEDs/sed_04.pdf used on input line 435.
(pdftex.def)             Requested size: 113.81102pt x 112.52475pt.
 <../SEDs/sed_05.pdf, id=1161, 505.89pt x 505.89pt>
File: ../SEDs/sed_05.pdf Graphic file (type pdf)
 <use ../SEDs/sed_05.pdf>
Package pdftex.def Info: ../SEDs/sed_05.pdf used on input line 436.
(pdftex.def)             Requested size: 113.81102pt x 112.52475pt.
 <../SEDs/sed_06.pdf, id=1163, 505.89pt x 505.89pt>
File: ../SEDs/sed_06.pdf Graphic file (type pdf)
 <use ../SEDs/sed_06.pdf>
Package pdftex.def Info: ../SEDs/sed_06.pdf used on input line 437.
(pdftex.def)             Requested size: 113.81102pt x 112.52475pt.
 <../SEDs/sed_07.pdf, id=1165, 505.89pt x 505.89pt>
File: ../SEDs/sed_07.pdf Graphic file (type pdf)
 <use ../SEDs/sed_07.pdf>
Package pdftex.def Info: ../SEDs/sed_07.pdf used on input line 438.
(pdftex.def)             Requested size: 113.81102pt x 112.52475pt.
 <../SEDs/sed_08.pdf, id=1167, 505.89pt x 505.89pt>
File: ../SEDs/sed_08.pdf Graphic file (type pdf)
 <use ../SEDs/sed_08.pdf>
Package pdftex.def Info: ../SEDs/sed_08.pdf used on input line 439.
(pdftex.def)             Requested size: 113.81102pt x 112.52475pt.
 <../SEDs/sed_09.pdf, id=1169, 505.89pt x 505.89pt>
File: ../SEDs/sed_09.pdf Graphic file (type pdf)
 <use ../SEDs/sed_09.pdf>
Package pdftex.def Info: ../SEDs/sed_09.pdf used on input line 440.
(pdftex.def)             Requested size: 113.81102pt x 112.52475pt.
 <../SEDs/sed_10.pdf, id=1171, 505.89pt x 505.89pt>
File: ../SEDs/sed_10.pdf Graphic file (type pdf)
 <use ../SEDs/sed_10.pdf>
Package pdftex.def Info: ../SEDs/sed_10.pdf used on input line 441.
(pdftex.def)             Requested size: 113.81102pt x 112.52475pt.
 <../SEDs/sed_11.pdf, id=1173, 505.89pt x 505.89pt>
File: ../SEDs/sed_11.pdf Graphic file (type pdf)
 <use ../SEDs/sed_11.pdf>
Package pdftex.def Info: ../SEDs/sed_11.pdf used on input line 442.
(pdftex.def)             Requested size: 113.81102pt x 112.52475pt.
 <../SEDs/sed_12.pdf, id=1175, 505.89pt x 505.89pt>
File: ../SEDs/sed_12.pdf Graphic file (type pdf)
 <use ../SEDs/sed_12.pdf>
Package pdftex.def Info: ../SEDs/sed_12.pdf used on input line 443.
(pdftex.def)             Requested size: 113.81102pt x 112.52475pt.
 <../SEDs/sed_13.pdf, id=1177, 505.89pt x 505.89pt>
File: ../SEDs/sed_13.pdf Graphic file (type pdf)
 <use ../SEDs/sed_13.pdf>
Package pdftex.def Info: ../SEDs/sed_13.pdf used on input line 444.
(pdftex.def)             Requested size: 113.81102pt x 112.52475pt.

<../SEDs/sed_14.pdf, id=1179, 505.89pt x 505.89pt>
File: ../SEDs/sed_14.pdf Graphic file (type pdf)
 <use ../SEDs/sed_14.pdf>
Package pdftex.def Info: ../SEDs/sed_14.pdf used on input line 445.
(pdftex.def)             Requested size: 113.81102pt x 112.52475pt.
 <../SEDs/sed_15.pdf, id=1181, 505.89pt x 505.89pt>
File: ../SEDs/sed_15.pdf Graphic file (type pdf)
 <use ../SEDs/sed_15.pdf>
Package pdftex.def Info: ../SEDs/sed_15.pdf used on input line 446.
(pdftex.def)             Requested size: 113.81102pt x 112.52475pt.
 <../SEDs/sed_16.pdf, id=1183, 505.89pt x 505.89pt>
File: ../SEDs/sed_16.pdf Graphic file (type pdf)
 <use ../SEDs/sed_16.pdf>
Package pdftex.def Info: ../SEDs/sed_16.pdf used on input line 447.
(pdftex.