\BOOKMARK [0][-]{chapter*.1}{Abstract}{}% 1
\BOOKMARK [0][-]{chapter.1}{Introduction}{}% 2
\BOOKMARK [1][-]{subsection.1.0.1}{All-sky Astronomy}{chapter.1}% 3
\BOOKMARK [2][-]{subsection.1.0.2}{Infrared astronomy}{subsection.1.0.1}% 4
\BOOKMARK [1][-]{section.1.1}{Anomalous Microwave Foreground}{chapter.1}% 5
\BOOKMARK [2][-]{subsection.1.1.1}{Why microwave foregrounds are important}{section.1.1}% 6
\BOOKMARK [2][-]{subsection.1.1.2}{Discovery and first explorations}{section.1.1}% 7
\BOOKMARK [2][-]{subsection.1.1.3}{Proposed explanations}{section.1.1}% 8
\BOOKMARK [2][-]{subsection.1.1.4}{Spinning dust}{section.1.1}% 9
\BOOKMARK [2][-]{subsection.1.1.5}{Spinning PAHs?}{section.1.1}% 10
\BOOKMARK [2][-]{subsection.1.1.6}{Excitation factors}{section.1.1}% 11
\BOOKMARK [2][-]{subsection.1.1.7}{AME vs. IR in the literature}{section.1.1}% 12
\BOOKMARK [1][-]{section.1.2}{Scope of this Dissertation}{chapter.1}% 13
\BOOKMARK [2][-]{subsection.1.2.1}{An application of all-sky archival data}{section.1.2}% 14
\BOOKMARK [2][-]{subsection.1.2.2}{Testing the spinning PAH hypothesis}{section.1.2}% 15
\BOOKMARK [2][-]{subsection.1.2.3}{Limitations}{section.1.2}% 16
\BOOKMARK [2][-]{subsection.1.2.4}{Code availability}{section.1.2}% 17
\BOOKMARK [0][-]{chapter.2}{Data Sources}{}% 18
\BOOKMARK [1][-]{subsection.2.0.1}{A collection of skies}{chapter.2}% 19
\BOOKMARK [2][-]{subsection.2.0.2}{Infrared Data}{subsection.2.0.1}% 20
\BOOKMARK [2][-]{subsection.2.0.3}{Planck COMMANDERAME Parameter Maps}{subsection.2.0.1}% 21
\BOOKMARK [2][-]{subsection.2.0.4}{All-sky Data Processing}{subsection.2.0.1}% 22
\BOOKMARK [0][-]{chapter.3}{All-sky Analysis}{}% 23
\BOOKMARK [1][-]{section.3.1}{All-sky Pixel Domain Analysis}{chapter.3}% 24
\BOOKMARK [2][-]{subsection.3.1.1}{All-sky cross correlations}{section.3.1}% 25
\BOOKMARK [2][-]{subsection.3.1.2}{Pixel mask}{section.3.1}% 26
\BOOKMARK [2][-]{subsection.3.1.3}{AME data}{section.3.1}% 27
\BOOKMARK [1][-]{section.3.2}{Spatial variaton of correlations}{chapter.3}% 28
\BOOKMARK [0][-]{chapter.4}{Analysis of an interesting AME region: \040Orionis}{}% 29
\BOOKMARK [1][-]{section.4.1}{An interesting AME region}{chapter.4}% 30
\BOOKMARK [2][-]{subsection.4.1.1}{Where does the ring come from?}{section.4.1}% 31
\BOOKMARK [2][-]{subsection.4.1.2}{A well-studied region}{section.4.1}% 32
\BOOKMARK [1][-]{section.4.2}{Investigative approach}{chapter.4}% 33
\BOOKMARK [2][-]{subsection.4.2.1}{Data preparation}{section.4.2}% 34
\BOOKMARK [2][-]{subsection.4.2.2}{Extraction from HEALPix maps}{section.4.2}% 35
\BOOKMARK [2][-]{subsection.4.2.3}{Multi-wavelength characterization}{section.4.2}% 36
\BOOKMARK [2][-]{subsection.4.2.4}{Ionization fraction}{section.4.2}% 37
\BOOKMARK [2][-]{subsection.4.2.5}{SED Fitting}{section.4.2}% 38
\BOOKMARK [0][-]{chapter.5}{Discussion}{}% 39
\BOOKMARK [1][-]{section.5.1}{AME:Dust}{chapter.5}% 40
\BOOKMARK [1][-]{section.5.2}{AME:PAH}{chapter.5}% 41
\BOOKMARK [1][-]{section.5.3}{AME:T, G0}{chapter.5}% 42
\BOOKMARK [1][-]{section.5.4}{Microwave foreground component separation}{chapter.5}% 43
\BOOKMARK [0][-]{chapter.6}{Summary}{}% 44
